<?xml version="1.0" encoding="UTF-8"?>
<!-- Generated by org.testng.reporters.JUnitReportReporter -->
<testsuite hostname="Jeevan" failures="0" tests="3" name="org.main.TS_014" time="47.247" errors="0" timestamp="2025-05-11T17:56:27 IST" skipped="0">
  <testcase classname="org.main.TS_014" name="tc_038" time="5.103"/>
  <testcase classname="org.main.TS_014" name="tc_040" time="4.041"/>
  <testcase classname="org.main.TS_014" name="tc_041" time="38.103"/>
</testsuite> <!-- org.main.TS_014 -->
