<?xml version="1.0" encoding="UTF-8"?>
<!-- Generated by org.testng.reporters.JUnitReportReporter -->
<testsuite hostname="Jeevan" failures="0" tests="3" name="org.main.TS_018" time="11.613" errors="0" timestamp="2025-05-11T17:56:27 IST" skipped="1">
  <testcase classname="org.main.TS_018" name="tc_050" time="5.840"/>
  <testcase classname="org.main.TS_018" name="tc_051" time="5.773"/>
  <testcase classname="org.main.TS_018" name="testCallUsDropdownOptions">
    <skipped/>
  </testcase> <!-- testCallUsDropdownOptions -->
</testsuite> <!-- org.main.TS_018 -->
