<?xml version="1.0" encoding="UTF-8"?>
<!-- Generated by org.testng.reporters.JUnitReportReporter -->
<testsuite hostname="Jeevan" failures="0" tests="2" name="org.main.TS_003" time="18.444" errors="0" timestamp="2025-05-11T17:56:27 IST" skipped="0">
  <testcase classname="org.main.TS_003" name="tc_008" time="9.511"/>
  <testcase classname="org.main.TS_003" name="tc_009" time="8.933"/>
</testsuite> <!-- org.main.TS_003 -->
