<?xml version="1.0" encoding="UTF-8"?>
<!-- Generated by org.testng.reporters.JUnitReportReporter -->
<testsuite hostname="Jeevan" failures="0" tests="3" name="org.main.TS_009" time="25.438" errors="0" timestamp="2025-05-11T17:56:27 IST" skipped="0">
  <testcase classname="org.main.TS_009" name="tc_027" time="8.718"/>
  <testcase classname="org.main.TS_009" name="tc_026" time="8.415"/>
  <testcase classname="org.main.TS_009" name="tc_025" time="8.305"/>
</testsuite> <!-- org.main.TS_009 -->
