<?xml version="1.0" encoding="UTF-8"?>
<!-- Generated by org.testng.reporters.JUnitReportReporter -->
<testsuite hostname="Jeevan" failures="0" tests="3" name="org.main.B" time="0.017" errors="0" timestamp="2025-05-06T21:06:21 IST" skipped="0">
  <testcase classname="org.main.B" name="tc002" time="0.002"/>
  <testcase classname="org.main.B" name="tc001" time="0.010"/>
  <testcase classname="org.main.B" name="tc003" time="0.005"/>
</testsuite> <!-- org.main.B -->
