<?xml version="1.0" encoding="UTF-8"?>
<!-- Generated by org.testng.reporters.JUnitReportReporter -->
<testsuite hostname="Jeevan" failures="0" tests="3" name="org.main.TS_032" time="14.405" errors="0" timestamp="2025-05-11T17:56:27 IST" skipped="0">
  <testcase classname="org.main.TS_032" name="tc_103" time="3.898"/>
  <testcase classname="org.main.TS_032" name="tc_104" time="6.717"/>
  <testcase classname="org.main.TS_032" name="tc_105" time="3.790"/>
</testsuite> <!-- org.main.TS_032 -->
