<?xml version="1.0" encoding="UTF-8"?>
<!-- Generated by org.testng.reporters.JUnitReportReporter -->
<testsuite hostname="Jeevan" failures="0" tests="1" name="org.main.TS_052" time="20.501" errors="0" timestamp="2025-05-11T17:56:27 IST" skipped="0">
  <testcase classname="org.main.TS_052" name="tc_171" time="20.501"/>
</testsuite> <!-- org.main.TS_052 -->
