<?xml version="1.0" encoding="UTF-8"?>
<!-- Generated by org.testng.reporters.JUnitReportReporter -->
<testsuite hostname="Jeevan" failures="0" tests="3" name="org.main.TS_022" time="16.050" errors="0" timestamp="2025-05-11T17:56:27 IST" skipped="0">
  <testcase classname="org.main.TS_022" name="tc_067" time="5.547"/>
  <testcase classname="org.main.TS_022" name="tc_068" time="5.195"/>
  <testcase classname="org.main.TS_022" name="tc_069" time="5.308"/>
</testsuite> <!-- org.main.TS_022 -->
