<?xml version="1.0" encoding="UTF-8"?>
<!-- Generated by org.testng.reporters.JUnitReportReporter -->
<testsuite hostname="Jeevan" failures="0" tests="3" name="org.main.TC_007" time="8.919" errors="0" timestamp="2025-05-08T17:40:35 IST" skipped="2">
  <testcase classname="org.main.TC_007" name="tc_022" time="8.919"/>
  <testcase classname="org.main.TC_007" name="tc_021">
    <skipped/>
  </testcase> <!-- tc_021 -->
  <testcase classname="org.main.TC_007" name="tc_020">
    <skipped/>
  </testcase> <!-- tc_020 -->
</testsuite> <!-- org.main.TC_007 -->
