<?xml version="1.0" encoding="UTF-8"?>
<!-- Generated by org.testng.reporters.JUnitReportReporter -->
<testsuite hostname="Jeevan" failures="0" tests="3" name="org.main.TS_020" time="15.574" errors="0" timestamp="2025-05-11T17:56:27 IST" skipped="0">
  <testcase classname="org.main.TS_020" name="tc_059" time="5.201"/>
  <testcase classname="org.main.TS_020" name="tc_060" time="5.354"/>
  <testcase classname="org.main.TS_020" name="tc_061" time="5.019"/>
</testsuite> <!-- org.main.TS_020 -->
