<?xml version="1.0" encoding="UTF-8"?>
<!-- Generated by org.testng.reporters.JUnitReportReporter -->
<testsuite hostname="Jeevan" failures="0" tests="3" name="org.main.TS_046" time="18.843" errors="0" timestamp="2025-05-11T17:56:27 IST" skipped="0">
  <testcase classname="org.main.TS_046" name="tc_147" time="5.606"/>
  <testcase classname="org.main.TS_046" name="tc_145" time="4.323"/>
  <testcase classname="org.main.TS_046" name="tc_146" time="8.914"/>
</testsuite> <!-- org.main.TS_046 -->
