<?xml version="1.0" encoding="UTF-8"?>
<!-- Generated by org.testng.reporters.JUnitReportReporter -->
<testsuite hostname="Jeevan" failures="0" tests="3" name="org.main.C" time="0.020" errors="0" timestamp="2025-05-06T21:06:21 IST" skipped="0">
  <testcase classname="org.main.C" name="tc001" time="0.010"/>
  <testcase classname="org.main.C" name="tc002" time="0.003"/>
  <testcase classname="org.main.C" name="tc003" time="0.007"/>
</testsuite> <!-- org.main.C -->
