<?xml version="1.0" encoding="UTF-8"?>
<!-- Generated by org.testng.reporters.JUnitReportReporter -->
<testsuite hostname="Jeevan" failures="0" tests="5" name="org.main.TS_050" time="32.987" errors="0" timestamp="2025-05-11T17:56:27 IST" skipped="0">
  <testcase classname="org.main.TS_050" name="tc_164" time="7.963"/>
  <testcase classname="org.main.TS_050" name="tc_161" time="4.981"/>
  <testcase classname="org.main.TS_050" name="tc_163" time="5.769"/>
  <testcase classname="org.main.TS_050" name="tc_160" time="5.546"/>
  <testcase classname="org.main.TS_050" name="tc_162" time="8.728"/>
</testsuite> <!-- org.main.TS_050 -->
