<?xml version="1.0" encoding="UTF-8"?>
<!-- Generated by org.testng.reporters.JUnitReportReporter -->
<testsuite hostname="Jeevan" failures="0" tests="2" name="org.main.TS_042" time="12.328" errors="0" timestamp="2025-05-11T17:56:27 IST" skipped="0">
  <testcase classname="org.main.TS_042" name="tc_134" time="4.902"/>
  <testcase classname="org.main.TS_042" name="tc_133" time="7.426"/>
</testsuite> <!-- org.main.TS_042 -->
