<?xml version="1.0" encoding="UTF-8"?>
<!-- Generated by org.testng.reporters.JUnitReportReporter -->
<testsuite hostname="Jeevan" failures="0" tests="2" name="org.main.TS_034" time="20.824" errors="0" timestamp="2025-05-11T17:56:27 IST" skipped="0">
  <testcase classname="org.main.TS_034" name="tc_109" time="10.318"/>
  <testcase classname="org.main.TS_034" name="tc_110" time="10.506"/>
</testsuite> <!-- org.main.TS_034 -->
