<?xml version="1.0" encoding="UTF-8"?>
<!-- Generated by org.testng.reporters.JUnitReportReporter -->
<testsuite hostname="Jeevan" failures="0" tests="3" name="org.main.TS_044" time="40.981" errors="0" timestamp="2025-05-11T17:56:27 IST" skipped="0">
  <testcase classname="org.main.TS_044" name="tc_142" time="16.174"/>
  <testcase classname="org.main.TS_044" name="tc_140" time="16.600"/>
  <testcase classname="org.main.TS_044" name="tc_141" time="8.207"/>
</testsuite> <!-- org.main.TS_044 -->
