<?xml version="1.0" encoding="UTF-8"?>
<!-- Generated by org.testng.reporters.JUnitReportReporter -->
<testsuite hostname="Jeevan" failures="0" tests="9" name="org.main.TS_030" time="47.612" errors="0" timestamp="2025-05-11T17:56:27 IST" skipped="0">
  <testcase classname="org.main.TS_030" name="tc_092" time="5.608"/>
  <testcase classname="org.main.TS_030" name="tc_093" time="4.708"/>
  <testcase classname="org.main.TS_030" name="tc_094" time="4.846"/>
  <testcase classname="org.main.TS_030" name="tc_095" time="6.430"/>
  <testcase classname="org.main.TS_030" name="tc_096" time="4.943"/>
  <testcase classname="org.main.TS_030" name="tc_097" time="5.185"/>
  <testcase classname="org.main.TS_030" name="tc_098" time="5.557"/>
  <testcase classname="org.main.TS_030" name="tc_099" time="5.199"/>
  <testcase classname="org.main.TS_030" name="tc_100" time="5.136"/>
</testsuite> <!-- org.main.TS_030 -->
