<?xml version="1.0" encoding="UTF-8"?>
<!-- Generated by org.testng.reporters.JUnitReportReporter -->
<testsuite hostname="Jeevan" failures="0" tests="2" name="org.main.TS_006" time="20.911" errors="0" timestamp="2025-05-11T17:56:27 IST" skipped="0">
  <testcase classname="org.main.TS_006" name="tc_019" time="9.214"/>
  <testcase classname="org.main.TS_006" name="tc_018" time="11.697"/>
</testsuite> <!-- org.main.TS_006 -->
