<?xml version="1.0" encoding="UTF-8"?>
<!-- Generated by org.testng.reporters.JUnitReportReporter -->
<testsuite hostname="Jeevan" failures="0" tests="2" name="org.main.TS_016" time="11.130" errors="0" timestamp="2025-05-11T17:56:27 IST" skipped="0">
  <testcase classname="org.main.TS_016" name="tc_045" time="6.925"/>
  <testcase classname="org.main.TS_016" name="tc_046" time="4.205"/>
</testsuite> <!-- org.main.TS_016 -->
