<?xml version="1.0" encoding="UTF-8"?>
<!-- Generated by org.testng.reporters.JUnitReportReporter -->
<testsuite hostname="Jeevan" failures="0" tests="2" name="org.main.TS_040" time="12.142" errors="0" timestamp="2025-05-11T17:56:27 IST" skipped="0">
  <testcase classname="org.main.TS_040" name="tc_128" time="7.104"/>
  <testcase classname="org.main.TS_040" name="tc_129" time="5.038"/>
</testsuite> <!-- org.main.TS_040 -->
