<?xml version="1.0" encoding="UTF-8"?>
<!-- Generated by org.testng.reporters.JUnitReportReporter -->
<testsuite hostname="Jeevan" failures="0" tests="2" name="org.main.TS_010" time="24.108" errors="0" timestamp="2025-05-11T17:56:27 IST" skipped="0">
  <testcase classname="org.main.TS_010" name="tc_029" time="8.752"/>
  <testcase classname="org.main.TS_010" name="tc_028" time="15.356"/>
</testsuite> <!-- org.main.TS_010 -->
