<?xml version="1.0" encoding="UTF-8"?>
<!-- Generated by org.testng.reporters.JUnitReportReporter -->
<testsuite hostname="Jeevan" failures="0" tests="3" name="org.main.TS_028" time="13.580" errors="0" timestamp="2025-05-11T17:56:27 IST" skipped="0">
  <testcase classname="org.main.TS_028" name="tc_084" time="3.687"/>
  <testcase classname="org.main.TS_028" name="tc_085" time="5.009"/>
  <testcase classname="org.main.TS_028" name="tc_086" time="4.884"/>
</testsuite> <!-- org.main.TS_028 -->
