<?xml version="1.0" encoding="UTF-8"?>
<!-- Generated by org.testng.reporters.JUnitReportReporter -->
<testsuite hostname="Jeevan" failures="0" tests="2" name="org.main.TS_036" time="12.417" errors="0" timestamp="2025-05-11T17:56:27 IST" skipped="0">
  <testcase classname="org.main.TS_036" name="tc_115" time="4.986"/>
  <testcase classname="org.main.TS_036" name="tc_114" time="7.431"/>
</testsuite> <!-- org.main.TS_036 -->
