<?xml version="1.0" encoding="UTF-8"?>
<!-- Generated by org.testng.reporters.JUnitReportReporter -->
<testsuite hostname="Jeevan" failures="0" tests="5" name="org.main.TS_150" time="23.966" errors="0" timestamp="2025-05-11T17:11:11 IST" skipped="2">
  <testcase classname="org.main.TS_150" name="tc_164" time="8.282"/>
  <testcase classname="org.main.TS_150" name="tc_162" time="9.934"/>
  <testcase classname="org.main.TS_150" name="tc_163" time="5.750"/>
  <testcase classname="org.main.TS_150" name="tc_160">
    <skipped/>
  </testcase> <!-- tc_160 -->
  <testcase classname="org.main.TS_150" name="tc_161">
    <skipped/>
  </testcase> <!-- tc_161 -->
</testsuite> <!-- org.main.TS_150 -->
