<?xml version="1.0" encoding="UTF-8"?>
<!-- Generated by org.testng.reporters.JUnitReportReporter -->
<testsuite hostname="Jeevan" failures="0" tests="5" name="org.main.TS_004" time="50.952" errors="0" timestamp="2025-05-11T17:56:27 IST" skipped="0">
  <testcase classname="org.main.TS_004" name="tc_014" time="11.266"/>
  <testcase classname="org.main.TS_004" name="tc_013" time="13.213"/>
  <testcase classname="org.main.TS_004" name="tc_010" time="9.688"/>
  <testcase classname="org.main.TS_004" name="tc_012" time="7.907"/>
  <testcase classname="org.main.TS_004" name="tc_011" time="8.878"/>
</testsuite> <!-- org.main.TS_004 -->
