<?xml version="1.0" encoding="UTF-8"?>
<!-- Generated by org.testng.reporters.JUnitReportReporter -->
<testsuite hostname="Jeevan" failures="0" tests="3" name="org.main.TS_011" time="16.664" errors="0" timestamp="2025-05-11T17:56:27 IST" skipped="0">
  <testcase classname="org.main.TS_011" name="tc_032" time="8.975"/>
  <testcase classname="org.main.TS_011" name="tc_031" time="3.643"/>
  <testcase classname="org.main.TS_011" name="tc_030" time="4.046"/>
</testsuite> <!-- org.main.TS_011 -->
