<?xml version="1.0" encoding="UTF-8"?>
<!-- Generated by org.testng.reporters.JUnitReportReporter -->
<testsuite hostname="Jeevan" failures="0" tests="3" name="org.main.SampleProgram" time="22.853" errors="0" timestamp="2025-05-06T20:55:10 IST" skipped="0">
  <testcase classname="org.main.SampleProgram" name="tc3" time="8.206"/>
  <testcase classname="org.main.SampleProgram" name="tc2" time="7.053"/>
  <testcase classname="org.main.SampleProgram" name="tc1" time="7.594"/>
</testsuite> <!-- org.main.SampleProgram -->
