<?xml version="1.0" encoding="UTF-8"?>
<!-- Generated by org.testng.reporters.JUnitReportReporter -->
<testsuite hostname="Jeevan" failures="0" tests="3" name="org.main.TS_007" time="27.452" errors="0" timestamp="2025-05-11T17:56:27 IST" skipped="0">
  <testcase classname="org.main.TS_007" name="tc_022" time="9.802"/>
  <testcase classname="org.main.TS_007" name="tc_021" time="8.964"/>
  <testcase classname="org.main.TS_007" name="tc_020" time="8.686"/>
</testsuite> <!-- org.main.TS_007 -->
