<?xml version="1.0" encoding="UTF-8"?>
<!-- Generated by org.testng.reporters.JUnitReportReporter -->
<testsuite hostname="Jeevan" failures="0" tests="2" name="org.main.TS_001" time="17.299" errors="0" timestamp="2025-05-11T17:56:27 IST" skipped="0">
  <testcase classname="org.main.TS_001" name="tc_001" time="8.297"/>
  <testcase classname="org.main.TS_001" name="tc_002" time="9.002"/>
</testsuite> <!-- org.main.TS_001 -->
