<?xml version="1.0" encoding="UTF-8"?>
<!-- Generated by org.testng.reporters.JUnitReportReporter -->
<testsuite hostname="Jeevan" failures="0" tests="3" name="org.main.TS_024" time="13.629" errors="0" timestamp="2025-05-11T17:56:27 IST" skipped="0">
  <testcase classname="org.main.TS_024" name="tc_072" time="5.093"/>
  <testcase classname="org.main.TS_024" name="tc_073" time="4.955"/>
  <testcase classname="org.main.TS_024" name="tc_074" time="3.581"/>
</testsuite> <!-- org.main.TS_024 -->
