<?xml version="1.0" encoding="UTF-8"?>
<!-- Generated by org.testng.reporters.JUnitReportReporter -->
<testsuite hostname="Jeevan" failures="0" tests="5" name="org.main.TS_002" time="49.936" errors="0" timestamp="2025-05-11T17:56:27 IST" skipped="0">
  <testcase classname="org.main.TS_002" name="tc_003" time="8.852"/>
  <testcase classname="org.main.TS_002" name="tc_006" time="13.353"/>
  <testcase classname="org.main.TS_002" name="tc_004" time="8.823"/>
  <testcase classname="org.main.TS_002" name="tc_007" time="9.979"/>
  <testcase classname="org.main.TS_002" name="tc_005" time="8.929"/>
</testsuite> <!-- org.main.TS_002 -->
