<?xml version="1.0" encoding="UTF-8"?>
<!-- Generated by org.testng.reporters.JUnitReportReporter -->
<testsuite hostname="Jeevan" failures="0" tests="3" name="org.main.TS_005" time="25.865" errors="0" timestamp="2025-05-11T17:56:27 IST" skipped="0">
  <testcase classname="org.main.TS_005" name="tc_017" time="9.545"/>
  <testcase classname="org.main.TS_005" name="tc_016" time="7.858"/>
  <testcase classname="org.main.TS_005" name="tc_015" time="8.462"/>
</testsuite> <!-- org.main.TS_005 -->
