<?xml version="1.0" encoding="UTF-8"?>
<!-- Generated by org.testng.reporters.JUnitReportReporter -->
<testsuite hostname="Jeevan" failures="0" tests="2" name="org.main.TS_012" time="14.725" errors="0" timestamp="2025-05-11T17:56:27 IST" skipped="0">
  <testcase classname="org.main.TS_012" name="tc_033" time="8.606"/>
  <testcase classname="org.main.TS_012" name="tc_034" time="6.119"/>
</testsuite> <!-- org.main.TS_012 -->
