<?xml version="1.0" encoding="UTF-8"?>
<!-- Generated by org.testng.reporters.JUnitReportReporter -->
<testsuite hostname="Jeevan" failures="0" tests="1" name="org.main.TS_152" time="21.151" errors="0" timestamp="2025-05-11T17:23:08 IST" skipped="0">
  <testcase classname="org.main.TS_152" name="tc_171" time="21.151"/>
</testsuite> <!-- org.main.TS_152 -->
