<?xml version="1.0" encoding="UTF-8"?>
<!-- Generated by org.testng.reporters.JUnitReportReporter -->
<testsuite hostname="Jeevan" failures="0" tests="2" name="org.main.TS_026" time="11.912" errors="0" timestamp="2025-05-11T17:56:27 IST" skipped="0">
  <testcase classname="org.main.TS_026" name="tc_080" time="5.263"/>
  <testcase classname="org.main.TS_026" name="tc_081" time="6.649"/>
</testsuite> <!-- org.main.TS_026 -->
