<?xml version="1.0" encoding="UTF-8"?>
<!-- Generated by org.testng.reporters.JUnitReportReporter -->
<testsuite hostname="Jeevan" failures="0" tests="5" name="org.main.TestNg" time="0.048" errors="0" timestamp="2025-05-05T20:56:50 IST" skipped="1">
  <testcase classname="org.main.TestNg" name="tc001" time="0.024"/>
  <testcase classname="org.main.TestNg" name="tc001" time="0.015"/>
  <testcase classname="org.main.TestNg" name="tc001" time="0.004"/>
  <testcase classname="org.main.TestNg" name="tc005" time="0.005"/>
  <testcase classname="org.main.TestNg" name="tc009">
    <skipped/>
  </testcase> <!-- tc009 -->
</testsuite> <!-- org.main.TestNg -->
